{
  "testId" : "1-singapore-mortgage-marketplace-on-mobile",
  "name" : "Singapore Mortgage Marketplace on mobile",
  "report" : {
    "nodes" : [ {
      "name" : "selenium firefox  320x568",
      "status" : "info",
      "nodes" : [ {
        "name" : "WebDriverException: f.QueryInterface is not a function\nCommand duration or timeout: 35 milliseconds\nBuild info: version: 'unknown', revision: 'unknown', time: 'unknown'\nSystem info: host: 'Pranathis-Mac.local', ip: '127.0.0.1', os.name: 'Mac OS X', os.arch: 'x86_64', os.version: '10.10.4', java.version: '1.7.0_45'\nSession ID: 9fa3b1ae-c865-c241-90c5-ff2e7b697599\nDriver info: org.openqa.selenium.firefox.FirefoxDriver\nCapabilities [{platform=MAC, acceptSslCerts=true, javascriptEnabled=true, cssSelectorsEnabled=true, databaseEnabled=true, browserName=firefox, handlesAlerts=true, browserConnectionEnabled=true, nativeEvents=false, webStorageEnabled=true, rotatable=false, locationContextEnabled=true, applicationCacheEnabled=true, takesScreenshot=true, version=27.0}]",
        "status" : "error",
        "time" : 1433503879866,
        "stacktrace" : "org.openqa.selenium.WebDriverException: f.QueryInterface is not a function\nCommand duration or timeout: 35 milliseconds\nBuild info: version: 'unknown', revision: 'unknown', time: 'unknown'\nSystem info: host: 'Pranathis-Mac.local', ip: '127.0.0.1', os.name: 'Mac OS X', os.arch: 'x86_64', os.version: '10.10.4', java.version: '1.7.0_45'\nSession ID: 9fa3b1ae-c865-c241-90c5-ff2e7b697599\nDriver info: org.openqa.selenium.firefox.FirefoxDriver\nCapabilities [{platform=MAC, acceptSslCerts=true, javascriptEnabled=true, cssSelectorsEnabled=true, databaseEnabled=true, browserName=firefox, handlesAlerts=true, browserConnectionEnabled=true, nativeEvents=false, webStorageEnabled=true, rotatable=false, locationContextEnabled=true, applicationCacheEnabled=true, takesScreenshot=true, version=27.0}]\n\tat sun.reflect.NativeConstructorAccessorImpl.newInstance0(Native Method)\n\tat sun.reflect.NativeConstructorAccessorImpl.newInstance(NativeConstructorAccessorImpl.java:57)\n\tat sun.reflect.DelegatingConstructorAccessorImpl.newInstance(DelegatingConstructorAccessorImpl.java:45)\n\tat java.lang.reflect.Constructor.newInstance(Constructor.java:526)\n\tat org.openqa.selenium.remote.ErrorHandler.createThrowable(ErrorHandler.java:204)\n\tat org.openqa.selenium.remote.ErrorHandler.throwIfResponseFailed(ErrorHandler.java:156)\n\tat org.openqa.selenium.remote.RemoteWebDriver.execute(RemoteWebDriver.java:599)\n\tat org.openqa.selenium.remote.RemoteWebDriver.get(RemoteWebDriver.java:304)\n\tat net.mindengine.galen.browser.SeleniumBrowser.load(SeleniumBrowser.java:55)\n\tat net.mindengine.galen.runner.GalenPageRunner.run(GalenPageRunner.java:62)\n\tat net.mindengine.galen.runner.GalenBasicTestRunner.runTest(GalenBasicTestRunner.java:71)\n\tat net.mindengine.galen.tests.GalenBasicTest.execute(GalenBasicTest.java:53)\n\tat net.mindengine.galen.TestRunnable.runTest(TestRunnable.java:68)\n\tat net.mindengine.galen.TestRunnable.run(TestRunnable.java:94)\n\tat java.util.concurrent.ThreadPoolExecutor.runWorker(ThreadPoolExecutor.java:1145)\n\tat java.util.concurrent.ThreadPoolExecutor$Worker.run(ThreadPoolExecutor.java:615)\n\tat java.lang.Thread.run(Thread.java:744)\nCaused by: org.openqa.selenium.WebDriverException: f.QueryInterface is not a function\nBuild info: version: 'unknown', revision: 'unknown', time: 'unknown'\nSystem info: host: 'Pranathis-Mac.local', ip: '127.0.0.1', os.name: 'Mac OS X', os.arch: 'x86_64', os.version: '10.10.4', java.version: '1.7.0_45'\nDriver info: driver.version: unknown\n\tat <anonymous class>.FirefoxDriver.prototype.get(file:///var/folders/h_/0jtwm3nd01g8_qnx61t8vjvm0000gp/T/anonymous51458967948339205webdriver-profile/extensions/fxdriver@googlecode.com/components/driver-component.js:10132)\n\tat <anonymous class>.DelayedCommand.prototype.executeInternal_/h(file:///var/folders/h_/0jtwm3nd01g8_qnx61t8vjvm0000gp/T/anonymous51458967948339205webdriver-profile/extensions/fxdriver@googlecode.com/components/command-processor.js:12274)\n\tat <anonymous class>.DelayedCommand.prototype.executeInternal_(file:///var/folders/h_/0jtwm3nd01g8_qnx61t8vjvm0000gp/T/anonymous51458967948339205webdriver-profile/extensions/fxdriver@googlecode.com/components/command-processor.js:12279)\n\tat <anonymous class>.DelayedCommand.prototype.execute/<(file:///var/folders/h_/0jtwm3nd01g8_qnx61t8vjvm0000gp/T/anonymous51458967948339205webdriver-profile/extensions/fxdriver@googlecode.com/components/command-processor.js:12221)\n",
        "type" : "node"
      } ],
      "time" : 1433503877229,
      "type" : "node"
    } ]
  }
}